2017-12-15 12:06:04      Ejecución iniciada.
2017-12-15 12:06:04      QlikView Desktop Version      12.10.0+2016-11-15 10:26:20.HEAD.Component.Version
2017-12-15 12:06:04      CPU Target                    x64
2017-12-15 12:06:04      Operating System              Windows 7 Professional Service Pack 1 (64 bit edition)
2017-12-15 12:06:04      Wow64 mode                    Not using Wow64
2017-12-15 12:06:04      Language                      0c0a Español (España, internacional) Spanish
2017-12-15 12:06:04      Country                       34 España Spain
2017-12-15 12:06:04      MDAC Version                  6.1.7601.17514
2017-12-15 12:06:04      MDAC Full Install Version     6.1.7601.17514
2017-12-15 12:06:04      PreferredCompression          2
2017-12-15 12:06:04      EnableParallelReload          1
2017-12-15 12:06:04      ParallelizeQvdLoads           1
2017-12-15 12:06:04      AutoSaveAfterReload           0
2017-12-15 12:06:04      BackupBeforeReload            1
2017-12-15 12:06:04      EnableFlushLog                0
2017-12-15 12:06:04      SaveInfoWhenSavingFile        0
2017-12-15 12:06:04      UserLogfileCharset            65001
2017-12-15 12:06:04      OdbcLoginTimeout              -1
2017-12-15 12:06:04      OdbcConnectionTimeout         -1
2017-12-15 12:06:04      LongestPossibleLine           1048576
2017-12-15 12:06:04      MaxCoreMask                   -1
2017-12-15 12:06:04      ScriptWantsDbWrite            false
2017-12-15 12:06:04      ScriptWantsExe                false
2017-12-15 12:06:04      LogFile CodePage Used:        65001
2017-12-15 12:06:04      UseMemoryFillPattern          1
2017-12-15 12:06:04      ScriptMode                    Legacy (gives greater system access) (aka qv11 mode)
2017-12-15 12:06:04      SequentialThreadCount         12102
2017-12-15 12:06:04      NumberOfCores (effective)     1
2017-12-15 12:06:04      ReloadCodebase                Classic
2017-12-15 12:06:04      Reload Executed By            WIN-IIFNNL4CCJU\Franklin Angulo
2017-12-15 12:06:04      Process Executing             QlikView Desktop
2017-12-15 12:06:04      Process ID                    1776
2017-12-15 12:06:04 0002 SET ThousandSep='.'
2017-12-15 12:06:04 0003 SET DecimalSep=','
2017-12-15 12:06:04 0004 SET MoneyThousandSep='.'
2017-12-15 12:06:04 0005 SET MoneyDecimalSep=','
2017-12-15 12:06:04 0006 SET MoneyFormat='#.##0,00 €;-#.##0,00 €'
2017-12-15 12:06:04 0007 SET TimeFormat='h:mm:ss'
2017-12-15 12:06:04 0008 SET DateFormat='DD/MM/YYYY'
2017-12-15 12:06:04 0009 SET TimestampFormat='DD/MM/YYYY h:mm:ss[.fff]'
2017-12-15 12:06:04 0010 SET FirstWeekDay=0
2017-12-15 12:06:04 0011 SET BrokenWeeks=1
2017-12-15 12:06:04 0012 SET ReferenceDay=0
2017-12-15 12:06:04 0013 SET FirstMonthOfYear=1
2017-12-15 12:06:04 0014 SET CollationLocale='es-ES'
2017-12-15 12:06:04 0015 SET MonthNames='ene;feb;mar;abr;may;jun;jul;ago;sep;oct;nov;dic'
2017-12-15 12:06:04 0016 SET LongMonthNames='enero;febrero;marzo;abril;mayo;junio;julio;agosto;septiembre;octubre;noviembre;diciembre'
2017-12-15 12:06:04 0017 SET DayNames='lun;mar;mié;jue;vie;sáb;dom'
2017-12-15 12:06:04 0018 SET LongDayNames='lunes;martes;miércoles;jueves;viernes;sábado;domingo'
2017-12-15 12:06:04 0019 OLEDB CONNECT32 TO ***
2017-12-15 12:06:05 0021 SET vRuta='C:\Users\Franklin Angulo\Documents\GitHub\QlikView\3BusinessCase_QlikView_Developer\'
2017-12-15 12:06:05 0026 Pedidos:
2017-12-15 12:06:05 0027 LOAD Carga,
2017-12-15 12:06:05 0028     ClienteID,
2017-12-15 12:06:05 0029     EmpleadoID,
2017-12-15 12:06:05 0030     FechaPedido,
2017-12-15 12:06:05 0031     Year(FechaPedido) as Año, 
2017-12-15 12:06:05 0032     Month(FechaPedido) as Mes,
2017-12-15 12:06:05 0033     Day(FechaPedido) as Dia,
2017-12-15 12:06:05 0034     ID,
2017-12-15 12:06:05 0035     1 as ContadorPedidos,
2017-12-15 12:06:05 0036     ClienteID as ContadorCliente,
2017-12-15 12:06:05 0037     Id1,
2017-12-15 12:06:05 0038     VendedorID
2017-12-15 12:06:05 0039 SQL SELECT *
2017-12-15 12:06:05 0040 FROM Pedidos
2017-12-15 12:06:05      	12 campos encontrados: Carga, ClienteID, EmpleadoID, FechaPedido, Año, Mes, Dia, ID, ContadorPedidos, ContadorCliente, Id1, VendedorID, 
2017-12-15 12:06:05      6.571 registros leídos
2017-12-15 12:06:05 0043 'Detalles Pedidos':
2017-12-15 12:06:05 0044 LOAD Cantidad,
2017-12-15 12:06:05 0045     Descuento,
2017-12-15 12:06:05 0046     ID,
2017-12-15 12:06:05 0047     Linea,
2017-12-15 12:06:05 0048     PrecioUnidad,
2017-12-15 12:06:05 0049     ProductoID,
2017-12-15 12:06:05 0050     PrecioUnidad*Cantidad*(1-Descuento) as PrecioVenta
2017-12-15 12:06:05 0051 SQL SELECT *
2017-12-15 12:06:05 0052 FROM `Detalles Pedidos`
2017-12-15 12:06:05      	7 campos encontrados: Cantidad, Descuento, ID, Linea, PrecioUnidad, ProductoID, PrecioVenta, 
2017-12-15 12:06:05      17.032 registros leídos
2017-12-15 12:06:05 0056 Clientes:
2017-12-15 12:06:05 0057 LOAD Ciudad,
2017-12-15 12:06:05 0058     ClienteID,
2017-12-15 12:06:05 0059     DivisionID,
2017-12-15 12:06:05 0060     NombreContacto,
2017-12-15 12:06:05 0061     NombreEmpresa,
2017-12-15 12:06:05 0062     Pais
2017-12-15 12:06:05 0063 SQL SELECT *
2017-12-15 12:06:05 0064 FROM Clientes
2017-12-15 12:06:06      	6 campos encontrados: Ciudad, ClienteID, DivisionID, NombreContacto, NombreEmpresa, Pais, 
2017-12-15 12:06:06      9 registros leídos
2017-12-15 12:06:06 0067 Productos:
2017-12-15 12:06:06 0068 LOAD CantidadPorUnidad,
2017-12-15 12:06:06 0069     Categoria as CategoriaID,
2017-12-15 12:06:06 0070     CosteUnidad,
2017-12-15 12:06:06 0071     NombreProducto,
2017-12-15 12:06:06 0072     PrecioUnidad as PrecioCatalogo,
2017-12-15 12:06:06 0073     ProductoID,
2017-12-15 12:06:06 0074     `Unidades en Stock`,
2017-12-15 12:06:06 0075     `Unidades Pedidas`,
2017-12-15 12:06:06 0076     Vendedor
2017-12-15 12:06:06 0077 SQL SELECT *
2017-12-15 12:06:06 0078 FROM Productos
2017-12-15 12:06:06      	9 campos encontrados: CantidadPorUnidad, CategoriaID, CosteUnidad, NombreProducto, PrecioCatalogo, ProductoID, Unidades en Stock, Unidades Pedidas, Vendedor, 
2017-12-15 12:06:06      69 registros leídos
2017-12-15 12:06:06 0081 Categoria:
2017-12-15 12:06:06 0082 LOAD `Categoria ID` as CategoriaID,
2017-12-15 12:06:06 0083     `Descripción`,
2017-12-15 12:06:06 0084     `Nombre Categoría`
2017-12-15 12:06:06 0085 SQL SELECT *
2017-12-15 12:06:06 0086 FROM Categorias
2017-12-15 12:06:06      	3 campos encontrados: CategoriaID, Descripción, Nombre Categoría, 
2017-12-15 12:06:06      8 registros leídos
2017-12-15 12:06:06 0090 Empleados:
2017-12-15 12:06:06 0091 LOAD EmpID as EmpleadoID, 
2017-12-15 12:06:06 0092      
2017-12-15 12:06:06 0093      Nombre & ' ' & Apellido as Nombre, 
2017-12-15 12:06:06 0094      Categoría, 
2017-12-15 12:06:06 0095      [Fecha contrato],
2017-12-15 12:06:06 0096      Year([Fecha contrato]), 
2017-12-15 12:06:06 0097      Oficina, 
2017-12-15 12:06:06 0098      Extension, 
2017-12-15 12:06:06 0099      [Informes a], 
2017-12-15 12:06:06 0100      [Salario anual]
2017-12-15 12:06:06 0101 FROM
2017-12-15 12:06:06 0102 C:\Users\Franklin Angulo\Documents\GitHub\QlikView\3BusinessCase_QlikView_Developer\Empleados.xlsx
2017-12-15 12:06:06 0103 (ooxml, embedded labels, table is Hoja1)
2017-12-15 12:06:06      	9 campos encontrados: EmpleadoID, Nombre, Categoría, Fecha contrato, Year([Fecha contrato]), Oficina, Extension, Informes a, Salario anual, 
2017-12-15 12:06:06      35 registros leídos
2017-12-15 12:06:06 0106 Oficinas:
2017-12-15 12:06:06 0107 LOAD Oficina, 
2017-12-15 12:06:06 0108      OficinaDireccion, 
2017-12-15 12:06:06 0109      OficinaCodigoPostal, 
2017-12-15 12:06:06 0110      OficinaCiudad, 
2017-12-15 12:06:06 0111      OficinaProvincia, 
2017-12-15 12:06:06 0112      OficinaTelefono, 
2017-12-15 12:06:06 0113      OficinaFax, 
2017-12-15 12:06:06 0114      OficinaPais
2017-12-15 12:06:06 0115 FROM
2017-12-15 12:06:06 0116 
2017-12-15 12:06:06 0117 C:\Users\Franklin Angulo\Documents\GitHub\QlikView\3BusinessCase_QlikView_Developer\Empleados.xlsx
2017-12-15 12:06:06 0118 (ooxml, embedded labels, table is Hoja2)
2017-12-15 12:06:06      	8 campos encontrados: Oficina, OficinaDireccion, OficinaCodigoPostal, OficinaCiudad, OficinaProvincia, OficinaTelefono, OficinaFax, OficinaPais, 
2017-12-15 12:06:06      5 registros leídos
2017-12-15 12:06:06 0122 Vendedores:
2017-12-15 12:06:06 0123 LOAD EmpleadoID, 
2017-12-15 12:06:06 0124      
2017-12-15 12:06:06 0125      Nombre as NombreVendedor, 
2017-12-15 12:06:06 0126      Categoría as CategoriaVendedor
2017-12-15 12:06:06 0127 Resident Empleados
2017-12-15 12:06:06 0128 
2017-12-15 12:06:06 0129 where Categoría Like '*comercial*'
2017-12-15 12:06:06      	3 campos encontrados: EmpleadoID, NombreVendedor, CategoriaVendedor, 
2017-12-15 12:06:06      7 registros leídos
2017-12-15 12:06:06      Ejecución finalizada.
